To honour the JVM settings for this build a single-use Daemon process will be forked. For more on this, please refer to https://docs.gradle.org/8.12/userguide/gradle_daemon.html#sec:disabling_the_daemon in the Gradle documentation.
Daemon will be stopped at the end of the build 

> Configure project :
Fabric Loom: 1.10.5

> Task :compileJava
C:\Users\mukse\chat-timestamps-mod\src\main\java\com\mukse\whenchat\mixin\ChatHudMixin.java:19: Warnung: Cannot find target method "addMessage(Lnet/minecraft/text/Text;Lnet/minecraft/network/message/MessageSignatureData;ILnet/minecraft/client/gui/hud/MessageIndicator;Z)V" for @ModifyVariable.method="addMessage(Lnet/minecraft/text/Text;Lnet/minecraft/network/message/MessageSignatureData;ILnet/minecraft/client/gui/hud/MessageIndicator;Z)V" in net.minecraft.client.gui.hud.ChatHud
	@ModifyVariable(
	^
1 Warnung

> Task :processResources
> Task :classes
> Task :jar
> Task :compileTestJava NO-SOURCE
> Task :processIncludeJars
> Task :sourcesJar
> Task :processTestResources NO-SOURCE
> Task :testClasses UP-TO-DATE
> Task :test NO-SOURCE
> Task :validateAccessWidener NO-SOURCE
> Task :check UP-TO-DATE
> Task :remapJar
> Task :remapSourcesJar
> Task :assemble
> Task :build

[Incubating] Problems report is available at: file:///C:/Users/mukse/chat-timestamps-mod/build/reports/problems/problems-report.html

Deprecated Gradle features were used in this build, making it incompatible with Gradle 9.0.

You can use '--warning-mode all' to show the individual deprecation warnings and determine if they come from your own scripts or plugins.

For more on this, please refer to https://docs.gradle.org/8.12/userguide/command_line_interface.html#sec:command_line_warnings in the Gradle documentation.

BUILD SUCCESSFUL in 43s
7 actionable tasks: 7 executed
